============================================================
  Generated by:           Genus(TM) Synthesis Solution 21.10-p002_1
  Generated on:           Apr 27 2026  07:12:16 pm
  Module:                 pe
  Operating conditions:   PVT_0P9V_125C (balanced_tree)
  Wireload mode:          enclosed
  Area mode:              timing library
============================================================

                               
   Gate    Instances    Area       Library    
----------------------------------------------
ADDFHXL            5    37.620    slow_vdd1v0 
ADDFX1            10    51.300    slow_vdd1v0 
ADDHX1             2     7.524    slow_vdd1v0 
AND2X1            64    87.552    slow_vdd1v0 
AND2XL             8    10.944    slow_vdd1v0 
AO22XL             4    10.944    slow_vdd1v0 
AOI211X2           1     3.420    slow_vdd1v0 
AOI21X1           88   150.480    slow_vdd1v0 
AOI21X2           29    79.344    slow_vdd1v0 
AOI21X4            9    46.170    slow_vdd1v0 
AOI21XL            8    13.680    slow_vdd1v0 
AOI22X1          125   256.500    slow_vdd1v0 
AOI22X2            3    11.286    slow_vdd1v0 
AOI2BB1X1         24    49.248    slow_vdd1v0 
AOI2BB1X4          4    16.416    slow_vdd1v0 
BUFX2              1     1.710    slow_vdd1v0 
BUFX3             57   116.964    slow_vdd1v0 
CLKAND2X2          3     6.156    slow_vdd1v0 
CLKAND2X3          4    12.312    slow_vdd1v0 
CLKAND2X6          4    19.152    slow_vdd1v0 
CLKBUFX2          41    70.110    slow_vdd1v0 
CLKINVX1          36    36.936    slow_vdd1v0 
CLKINVX12          2     8.208    slow_vdd1v0 
CLKINVX16          1     5.472    slow_vdd1v0 
CLKINVX2          17    23.256    slow_vdd1v0 
CLKINVX3           3     5.130    slow_vdd1v0 
CLKINVX4          27    46.170    slow_vdd1v0 
CLKINVX6           3     7.182    slow_vdd1v0 
CLKINVX8           2     6.156    slow_vdd1v0 
CLKXOR2X1         16    43.776    slow_vdd1v0 
DFFRHQX1         120   738.720    slow_vdd1v0 
DFFRX1             8    54.720    slow_vdd1v0 
INVX1            252   172.368    slow_vdd1v0 
INVX2             82    84.132    slow_vdd1v0 
INVX3              7     9.576    slow_vdd1v0 
INVXL             50    34.200    slow_vdd1v0 
MX2XL             25    59.850    slow_vdd1v0 
MXI2X1             4    10.944    slow_vdd1v0 
MXI2XL            44   105.336    slow_vdd1v0 
NAND2BX1         114   155.952    slow_vdd1v0 
NAND2BX2          24    57.456    slow_vdd1v0 
NAND2BX4           8    30.096    slow_vdd1v0 
NAND2BXL          22    30.096    slow_vdd1v0 
NAND2X1          373   382.698    slow_vdd1v0 
NAND2X2           60   102.600    slow_vdd1v0 
NAND2X4           29    91.246    slow_vdd1v0 
NAND2X6            3    13.697    slow_vdd1v0 
NAND2XL           13    13.338    slow_vdd1v0 
NAND3X1            8    13.680    slow_vdd1v0 
NOR2BX1          260   355.680    slow_vdd1v0 
NOR2BX2           30    82.080    slow_vdd1v0 
NOR2BXL            2     3.420    slow_vdd1v0 
NOR2X1           362   371.412    slow_vdd1v0 
NOR2X2           124   212.040    slow_vdd1v0 
NOR2X4            46   141.588    slow_vdd1v0 
NOR2X6             3    12.312    slow_vdd1v0 
NOR2XL            11    11.286    slow_vdd1v0 
NOR3BX1            2     4.104    slow_vdd1v0 
NOR3X1             1     1.710    slow_vdd1v0 
OAI211X1          16    27.360    slow_vdd1v0 
OAI21X1          113   193.230    slow_vdd1v0 
OAI21X2           73   224.694    slow_vdd1v0 
OAI21X4            6    28.728    slow_vdd1v0 
OAI21XL           10    17.100    slow_vdd1v0 
OAI221X1           2     4.788    slow_vdd1v0 
OAI2BB1X1         63   107.730    slow_vdd1v0 
OAI31X1            9    18.468    slow_vdd1v0 
OR2X1             43    58.824    slow_vdd1v0 
OR2X2              1     1.710    slow_vdd1v0 
OR2XL             10    13.680    slow_vdd1v0 
SDFFRHQX1          8    65.664    slow_vdd1v0 
XNOR2X1           89   213.066    slow_vdd1v0 
XNOR2XL            9    24.624    slow_vdd1v0 
XNOR3X1            1     7.524    slow_vdd1v0 
XOR2XL            63   172.368    slow_vdd1v0 
----------------------------------------------
total           3204  5777.013                


                                         
     Type      Instances   Area   Area % 
-----------------------------------------
sequential           136  859.104   14.9 
inverter             482  438.786    7.6 
buffer                99  188.784    3.3 
logic               2487 4290.339   74.3 
physical_cells         0    0.000    0.0 
-----------------------------------------
total               3204 5777.013  100.0 

