============================================================
  Generated by:           Genus(TM) Synthesis Solution 21.10-p002_1
  Generated on:           Apr 27 2026  07:12:16 pm
  Module:                 pe
  Operating conditions:   PVT_0P9V_125C (balanced_tree)
  Wireload mode:          enclosed
  Area mode:              timing library
============================================================

Timing
--------

Clock Period 
-------------
clk   2000.0 


  Cost    Critical               Violating 
 Group   Path Slack     TNS        Paths   
-------------------------------------------
clk         -2255.8   -111901.5         55 
default    No paths         0.0            
-------------------------------------------
Total                 -111901.5         55 

Instance Count
--------------
Leaf Instance Count             3204 
Physical Instance count            0 
Sequential Instance Count        136 
Combinational Instance Count    3068 
Hierarchical Instance Count        0 

Area
----
Cell Area                          5777.013
Physical Cell Area                 0.000
Total Cell Area (Cell+Physical)    5777.013
Net Area                           0.000
Total Area (Cell+Physical+Net)     5777.013

Max Fanout                         155 (n_981)
Min Fanout                         0 (rst_n)
Average Fanout                     2.0
Terms to net ratio                 2.9869
Terms to instance ratio            3.1389
Runtime                            44.39590400000001 seconds
Elapsed Runtime                    53 seconds
Genus peak memory usage            1548.47 
Innovus peak memory usage          no_value 
Hostname                           redhatacademy19
