============================================================
  Generated by:           Genus(TM) Synthesis Solution 21.10-p002_1
  Generated on:           Apr 27 2026  07:12:16 pm
  Module:                 pe
  Operating conditions:   PVT_0P9V_125C (balanced_tree)
  Wireload mode:          enclosed
  Area mode:              timing library
============================================================


Path 1: VIOLATED (-2256 ps) Setup Check with Pin gen_reg.lvc_r_reg[3]/CK->D
          Group: clk
     Startpoint: (F) msg_in_flat[4]
          Clock: (R) clk
       Endpoint: (F) gen_reg.lvc_r_reg[3]/D
          Clock: (R) clk

                     Capture       Launch     
        Clock Edge:+    2000            0     
        Drv Adjust:+       0            0     
       Src Latency:+       0            0     
       Net Latency:+       0 (I)        0 (I) 
           Arrival:=    2000            0     
                                              
             Setup:-      59                  
       Uncertainty:-     100                  
     Required Time:=    1841                  
      Launch Clock:-       0                  
       Input Delay:-     400                  
         Data Path:-    3697                  
             Slack:=   -2256                  

Exceptions/Constraints:
  input_delay             400             constraints.sdc_line_27_86_1 

#----------------------------------------------------------------------------------------------------------
#          Timing Point            Flags    Arc   Edge   Cell     Fanout Load Trans Delay Arrival Instance 
#                                                                        (fF)  (ps)  (ps)   (ps)  Location 
#----------------------------------------------------------------------------------------------------------
  msg_in_flat[4]                   -       -      F     (arrival)      7  4.9     0     0     400    (-,-) 
  sub_81_70_I1_g131/Y              -       A->Y   R     CLKINVX8       2  2.0    12    14     414    (-,-) 
  sub_81_70_I1_g119/Y              -       B->Y   F     NOR2X4         2  0.6    22    21     435    (-,-) 
  sub_81_70_I1_g2/Y                -       AN->Y  F     NAND2BX4       1  0.7    51   104     539    (-,-) 
  fopt9782/Y                       -       A->Y   R     INVX2          2  0.4    19    37     576    (-,-) 
  lte_82_43_I1_g55/Y               -       AN->Y  R     NOR2BX2        1  0.8    48   108     683    (-,-) 
  lte_82_43_I1_g54/Y               -       B->Y   F     NAND2X2        1  0.7    58    64     748    (-,-) 
  lte_82_43_I1_g53/Y               -       A1->Y  R     OAI21X2        1  0.8    60    72     819    (-,-) 
  fopt9712/Y                       -       A->Y   F     INVX2          2  0.6    26    47     866    (-,-) 
  g6119__6161/Y                    -       A1N->Y F     AOI2BB1X4      3  3.1    58   153    1019    (-,-) 
  g6118__4733/Y                    -       B->Y   R     NOR2X4         5  2.8    59    63    1082    (-,-) 
  g6117/Y                          -       A->Y   F     CLKINVX3       1  1.4    29    47    1128    (-,-) 
  g6108__1705/Y                    -       B->Y   R     NOR2X4         1  0.8    34    38    1166    (-,-) 
  g6102__8428/Y                    -       B->Y   F     NOR2X2         1  0.7    32    36    1202    (-,-) 
  g6101__4319/Y                    -       B->Y   R     NAND2X2        3  1.2    38    34    1236    (-,-) 
  gt_105_36_I1_g71/Y               -       B->Y   F     NOR2X1         1  0.7    42    44    1280    (-,-) 
  gt_105_36_I1_g69/Y               -       A1->Y  R     AOI21X2        2  1.6    78    76    1356    (-,-) 
  g5929/Y                          -       A->Y   F     INVX2          2  0.9    33    58    1414    (-,-) 
  g9849/Y                          -       B->Y   R     NOR2BX2        2  1.2    55    52    1466    (-,-) 
  g5917__2883/Y                    -       A1->Y  F     AOI22X1        2  0.5   110   115    1581    (-,-) 
  g5907__5115/Y                    -       B->Y   R     NOR2X1         2  0.8    71   100    1680    (-,-) 
  csa_tree_add008617_g1608/Y       -       S0->Y  R     MXI2XL         1  0.4    77   103    1783    (-,-) 
  csa_tree_add008617_g1589/Y       -       B->Y   F     CLKXOR2X1      3  0.9    41   174    1958    (-,-) 
  fopt9803/Y                       -       A->Y   R     INVX1          1  0.4    22    36    1994    (-,-) 
  csa_tree_add008617_g1551/Y       -       A->Y   F     MXI2X1         1  0.4    81    86    2079    (-,-) 
  csa_tree_add008617_g1531/Y       -       B->Y   R     CLKXOR2X1      3  1.7    54   167    2246    (-,-) 
  csa_tree_add008617_g1474/Y       -       B->Y   R     CLKAND2X3      1  1.6    28   103    2349    (-,-) 
  csa_tree_add008617_g1464/Y       -       B->Y   F     NOR2X4         2  2.6    44    35    2384    (-,-) 
  csa_tree_add008617_g1457/Y       -       A->Y   R     INVX3          1  1.6    24    36    2420    (-,-) 
  csa_tree_add008617_g1452/Y       -       B->Y   F     NAND2X4        1  1.4    58    52    2472    (-,-) 
  csa_tree_add008617_g1450/Y       -       B->Y   R     NAND2X4        6  2.8    37    46    2518    (-,-) 
  csa_tree_gt_150_49_groupi_g337/Y -       A1->Y  F     AOI21X2        1  0.7    73    77    2595    (-,-) 
  csa_tree_gt_150_49_groupi_g333/Y -       B->Y   R     NOR2X2         1  0.4    42    61    2656    (-,-) 
  csa_tree_gt_150_49_groupi_g323/Y -       A->Y   F     NAND2X1        1  0.7    73    81    2737    (-,-) 
  csa_tree_gt_150_49_groupi_g322/Y -       B->Y   R     NAND2X2        1  0.8    31    54    2791    (-,-) 
  csa_tree_gt_150_49_groupi_g319/Y -       A1->Y  F     AOI21X2        1  1.4    88    84    2875    (-,-) 
  csa_tree_gt_150_49_groupi_g318/Y -       B->Y   R     NOR2X4         3  2.4    58    74    2949    (-,-) 
  fopt6/Y                          -       A->Y   R     BUFX3          2  2.4    31    95    3044    (-,-) 
  fopt9717/Y                       -       A->Y   F     CLKINVX4       2  1.2    21    30    3074    (-,-) 
  g5842__8428/Y                    -       A->Y   F     CLKAND2X3      1  4.3    54   102    3177    (-,-) 
  g5839/Y                          -       A->Y   R     CLKINVX12     57 27.6    65    61    3238    (-,-) 
  ADD_TC_OP1528_g164/Y             -       B->Y   F     NAND2X1        2  1.0    95    95    3332    (-,-) 
  ADD_TC_OP1528_g140/Y             -       A0->Y  R     OAI21X2        1  1.6    80   110    3442    (-,-) 
  ADD_TC_OP1528_g135/Y             -       B0->Y  F     AOI21X4        3  1.4    76    57    3499    (-,-) 
  ADD_TC_OP1528_g128/Y             -       A1->Y  R     OAI21X2        1  0.4    54    76    3575    (-,-) 
  ADD_TC_OP1528_g127/Y             -       B->Y   F     XNOR2XL        1  0.3    30   128    3702    (-,-) 
  g6459__5477/Y                    -       B->Y   R     NAND2BX1       1  0.4    28    32    3735    (-,-) 
  g6440__1617/Y                    -       B0->Y  F     OAI2BB1X1      1  0.7    74    75    3810    (-,-) 
  gt_164_43_I1_g137/Y              -       B->Y   R     NOR2X2         1  1.6    68    77    3888    (-,-) 
  gt_164_43_I1_g135/Y              -       B->Y   F     NAND2X4        4  1.2    58    71    3958    (-,-) 
  g9146__7410/Y                    -       B->Y   R     NOR2BX1        1  0.4    48    62    4020    (-,-) 
  g9033__1705/Y                    -       A1->Y  F     OAI21X1        1  0.3    77    77    4097    (-,-) 
  gen_reg.lvc_r_reg[3]/D           <<<     -      F     DFFRHQX1       1    -     -     0    4097    (-,-) 
#----------------------------------------------------------------------------------------------------------

