============================================================
  Generated by:           Genus(TM) Synthesis Solution 21.10-p002_1
  Generated on:           Apr 27 2026  07:10:41 pm
  Module:                 pe
  Operating conditions:   PVT_0P9V_125C (balanced_tree)
  Wireload mode:          enclosed
  Area mode:              timing library
============================================================

                               
   Gate    Instances    Area       Library    
----------------------------------------------
ADDFHX1            2    15.048    slow_vdd1v0 
ADDFHXL            4    30.096    slow_vdd1v0 
ADDFX1             2    10.260    slow_vdd1v0 
ADDHX1             1     3.762    slow_vdd1v0 
AND2X1             9    12.312    slow_vdd1v0 
AND2XL             9    12.312    slow_vdd1v0 
AOI21X1           48    82.080    slow_vdd1v0 
AOI21X2           24    65.664    slow_vdd1v0 
AOI21X4            1     5.130    slow_vdd1v0 
AOI22X1           59   121.068    slow_vdd1v0 
AOI22X2            4    15.048    slow_vdd1v0 
AOI22XL            9    18.468    slow_vdd1v0 
AOI2BB1X1         34    69.768    slow_vdd1v0 
AOI2BB1X2          4    12.312    slow_vdd1v0 
AOI2BB1XL          8    16.416    slow_vdd1v0 
BUFX2             12    20.520    slow_vdd1v0 
BUFX3             31    63.612    slow_vdd1v0 
CLKAND2X2          6    12.312    slow_vdd1v0 
CLKAND2X3          3     9.234    slow_vdd1v0 
CLKAND2X6          9    43.092    slow_vdd1v0 
CLKBUFX2           1     1.710    slow_vdd1v0 
CLKINVX1          39    40.014    slow_vdd1v0 
CLKINVX12          1     4.104    slow_vdd1v0 
CLKINVX2          13    17.784    slow_vdd1v0 
CLKINVX3           3     5.130    slow_vdd1v0 
CLKINVX4           6    10.260    slow_vdd1v0 
CLKINVX6           2     4.788    slow_vdd1v0 
CLKMX2X3           1     4.104    slow_vdd1v0 
CLKXOR2X1         17    46.512    slow_vdd1v0 
DFFRHQX1          88   541.728    slow_vdd1v0 
DFFRX1            40   273.600    slow_vdd1v0 
INVX1            336   229.824    slow_vdd1v0 
INVX2             28    28.728    slow_vdd1v0 
INVX3              5     6.840    slow_vdd1v0 
INVXL             11     7.524    slow_vdd1v0 
MX2X1              1     2.394    slow_vdd1v0 
MX2XL             25    59.850    slow_vdd1v0 
MXI2X1             9    24.624    slow_vdd1v0 
MXI2XL            29    69.426    slow_vdd1v0 
NAND2BX1         134   183.312    slow_vdd1v0 
NAND2BX2          15    35.910    slow_vdd1v0 
NAND2BX4           3    11.286    slow_vdd1v0 
NAND2BXL           6     8.208    slow_vdd1v0 
NAND2X1          326   334.476    slow_vdd1v0 
NAND2X2           91   155.610    slow_vdd1v0 
NAND2X4           20    62.928    slow_vdd1v0 
NAND2X6            2     9.131    slow_vdd1v0 
NAND2XL           22    22.572    slow_vdd1v0 
NAND3X1            8    13.680    slow_vdd1v0 
NAND3X4            1     4.788    slow_vdd1v0 
NOR2BX1          172   235.296    slow_vdd1v0 
NOR2BX2            2     5.472    slow_vdd1v0 
NOR2BX4            1     3.762    slow_vdd1v0 
NOR2BXL            2     3.420    slow_vdd1v0 
NOR2X1           190   194.940    slow_vdd1v0 
NOR2X2            85   145.350    slow_vdd1v0 
NOR2X4            25    76.950    slow_vdd1v0 
NOR2X6             1     4.104    slow_vdd1v0 
NOR2X8             1     5.472    slow_vdd1v0 
NOR2XL            37    37.962    slow_vdd1v0 
NOR3BX1            5    10.260    slow_vdd1v0 
NOR3BX2            3    10.260    slow_vdd1v0 
NOR3X1             5     8.550    slow_vdd1v0 
NOR3X2             3     8.208    slow_vdd1v0 
OA21X1            17    34.884    slow_vdd1v0 
OAI211X1          48    82.080    slow_vdd1v0 
OAI21X1          116   198.360    slow_vdd1v0 
OAI21X2           24    73.872    slow_vdd1v0 
OAI21X4            3    14.364    slow_vdd1v0 
OAI21XL            1     1.710    slow_vdd1v0 
OAI222X1          40   109.440    slow_vdd1v0 
OAI22X1            8    16.416    slow_vdd1v0 
OAI2BB1X1         38    64.980    slow_vdd1v0 
OR2X1             26    35.568    slow_vdd1v0 
OR2XL             30    41.040    slow_vdd1v0 
SDFFRHQX1          8    65.664    slow_vdd1v0 
XNOR2X1           52   124.488    slow_vdd1v0 
XNOR2XL            7    19.152    slow_vdd1v0 
XNOR3XL            1     7.524    slow_vdd1v0 
XOR2XL            46   125.856    slow_vdd1v0 
----------------------------------------------
total           2559  4624.763                


                                         
     Type      Instances   Area   Area % 
-----------------------------------------
sequential           136  880.992   19.0 
inverter             444  354.996    7.7 
buffer                44   85.842    1.9 
logic               1935 3302.933   71.4 
physical_cells         0    0.000    0.0 
-----------------------------------------
total               2559 4624.763  100.0 

