============================================================
  Generated by:           Genus(TM) Synthesis Solution 21.10-p002_1
  Generated on:           Apr 27 2026  07:10:41 pm
  Module:                 pe
  Operating conditions:   PVT_0P9V_125C (balanced_tree)
  Wireload mode:          enclosed
  Area mode:              timing library
============================================================

Timing
--------

Clock Period 
-------------
clk   2000.0 


  Cost    Critical              Violating 
 Group   Path Slack     TNS       Paths   
------------------------------------------
clk         -1712.0   -89385.9         55 
default    No paths        0.0            
------------------------------------------
Total                 -89385.9         55 

Instance Count
--------------
Leaf Instance Count             2559 
Physical Instance count            0 
Sequential Instance Count        136 
Combinational Instance Count    2423 
Hierarchical Instance Count        0 

Area
----
Cell Area                          4624.763
Physical Cell Area                 0.000
Total Cell Area (Cell+Physical)    4624.763
Net Area                           0.000
Total Area (Cell+Physical+Net)     4624.763

Max Fanout                         136 (clk)
Min Fanout                         0 (rst_n)
Average Fanout                     2.0
Terms to net ratio                 2.9945
Terms to instance ratio            3.2134
Runtime                            24.526100999999997 seconds
Elapsed Runtime                    83 seconds
Genus peak memory usage            1484.69 
Innovus peak memory usage          no_value 
Hostname                           redhatacademy19
