============================================================
  Generated by:           Genus(TM) Synthesis Solution 21.10-p002_1
  Generated on:           Apr 27 2026  07:10:40 pm
  Module:                 pe
  Operating conditions:   PVT_0P9V_125C (balanced_tree)
  Wireload mode:          enclosed
  Area mode:              timing library
============================================================


Path 1: VIOLATED (-1712 ps) Setup Check with Pin gen_reg.lvc_r_reg[33]/CK->D
          Group: clk
     Startpoint: (F) msg_in_flat[34]
          Clock: (R) clk
       Endpoint: (R) gen_reg.lvc_r_reg[33]/D
          Clock: (R) clk

                     Capture       Launch     
        Clock Edge:+    2000            0     
        Drv Adjust:+       0            0     
       Src Latency:+       0            0     
       Net Latency:+       0 (I)        0 (I) 
           Arrival:=    2000            0     
                                              
             Setup:-     122                  
       Uncertainty:-     100                  
     Required Time:=    1778                  
      Launch Clock:-       0                  
       Input Delay:-     400                  
         Data Path:-    3090                  
             Slack:=   -1712                  

Exceptions/Constraints:
  input_delay             400             constraints.sdc_line_27_56_1 

#-------------------------------------------------------------------------------------------------------------
#            Timing Point             Flags    Arc   Edge   Cell     Fanout Load Trans Delay Arrival Instance 
#                                                                           (fF)  (ps)  (ps)   (ps)  Location 
#-------------------------------------------------------------------------------------------------------------
  msg_in_flat[34]                     -       -      F     (arrival)     11  4.5     0     0     400    (-,-) 
  g6573__5477/Y                       -       A->Y   F     CLKAND2X6      1  0.7    22    73     473    (-,-) 
  g6406__8428/Y                       -       B->Y   R     NOR2X2         1  1.6    61    51     524    (-,-) 
  g6377__3680/Y                       -       B->Y   F     NOR2X4         2  2.5    43    52     576    (-,-) 
  g6360__5477/Y                       -       B->Y   R     NAND2X4        6  2.2    31    38     613    (-,-) 
  g6570__1666/Y                       -       B->Y   R     OR2X1          1  0.4    21    71     684    (-,-) 
  g6305__4733/Y                       -       B0->Y  F     OAI21X1        3  1.4   123   100     784    (-,-) 
  minus_119_39_I4_spec1_g70/Y         -       B->Y   R     NOR2X2         3  1.6    74   102     885    (-,-) 
  minus_119_39_I4_spec1_g67/Y         -       B->Y   F     NAND2X2        1  0.4    53    73     958    (-,-) 
  minus_119_39_I4_spec1_g65/Y         -       B->Y   R     XOR2XL         1  0.8    44   135    1094    (-,-) 
  g6661__1617/Y                       -       B->Y   F     NAND2BX2       2  1.1    69    69    1162    (-,-) 
  g6598__2398/Y                       -       A1->Y  R     AOI21X2        3  1.1    62    83    1246    (-,-) 
  csa_tree_add008003_groupi_g1986/Y   -       B->Y   R     CLKAND2X2      1  0.4    21   111    1356    (-,-) 
  csa_tree_add008003_groupi_g1943/Y   -       A->Y   F     NOR2X1         1  1.1    49    47    1403    (-,-) 
  csa_tree_add008003_groupi_g1856/S   -       B->S   R     ADDFHXL        2  0.8    41   263    1666    (-,-) 
  csa_tree_add008003_groupi_g2020/Y   -       B->Y   F     XOR2XL         1  0.4    34   142    1808    (-,-) 
  csa_tree_add008003_groupi_g1832/Y   -       B->Y   R     CLKXOR2X1      3  1.0    39   140    1948    (-,-) 
  csa_tree_add008003_groupi_g1806/Y   -       B->Y   F     NOR2X1         1  0.2    29    38    1986    (-,-) 
  csa_tree_add008003_groupi_g1804/Y   -       AN->Y  F     NAND2BX1       2  0.6    70    98    2084    (-,-) 
  csa_tree_add008003_groupi_g2013/Y   -       B->Y   F     CLKAND2X2      3  1.3    35   112    2196    (-,-) 
  csa_tree_add008003_groupi_g1762/Y   -       A1->Y  R     AOI21X1        1  0.8    70    74    2270    (-,-) 
  csa_tree_add008003_groupi_g1754/Y   -       B->Y   F     NAND2X2        1  0.7    60    76    2346    (-,-) 
  csa_tree_add008003_groupi_g1749/Y   -       A1->Y  R     AOI21X2        2  0.8    52    75    2420    (-,-) 
  csa_tree_add008003_groupi_g1748_0/Y -       B->Y   F     XOR2XL         1  0.7    48   154    2575    (-,-) 
  g5747__1666/Y                       -       A->Y   R     NAND2X2        1  1.6    38    48    2623    (-,-) 
  g5746__2346/Y                       -       B->Y   F     NAND2X4        1  1.4    63    58    2682    (-,-) 
  fopt38/Y                            -       A->Y   R     CLKINVX4       2  4.8    41    51    2733    (-,-) 
  g5741__9945/Y                       -       B->Y   F     NOR2X8         8  6.1    49    43    2776    (-,-) 
  g5738/Y                             -       A->Y   R     CLKINVX12     29 15.0    43    46    2822    (-,-) 
  g6957__4319/Y                       -       A1N->Y R     AOI2BB1X1      1  0.8    64   100    2922    (-,-) 
  g6951__7410/Y                       -       B->Y   F     NAND2X2        2  1.7    86    88    3010    (-,-) 
  SUB_UNS_OP2898_g160/Y               -       B->Y   R     NOR2X4         3  2.0    54    70    3080    (-,-) 
  SUB_UNS_OP2898_g156/Y               -       A->Y   F     NAND2X2        1  0.3    47    70    3150    (-,-) 
  g8809/Y                             -       B->Y   R     NAND2X1        1  0.2    31    40    3190    (-,-) 
  g5960__6131/Y                       -       A1N->Y R     OAI2BB1X1      1  0.8    45   130    3320    (-,-) 
  g8675/Y                             -       A->Y   F     INVX2          1  0.7    25    39    3359    (-,-) 
  gt_174_43_I7_g111/Y                 -       B->Y   R     NAND2X2        4  1.6    36    33    3392    (-,-) 
  g8200__1617/Y                       -       B->Y   F     NOR2BX1        1  0.7    39    43    3434    (-,-) 
  g8043__5115/Y                       -       A1->Y  R     OAI21X2        1  0.3    55    56    3490    (-,-) 
  gen_reg.lvc_r_reg[33]/D             <<<     -      R     DFFRHQX1       1    -     -     0    3490    (-,-) 
#-------------------------------------------------------------------------------------------------------------

