============================================================
  Generated by:           Genus(TM) Synthesis Solution 21.10-p002_1
  Generated on:           Apr 27 2026  06:44:29 pm
  Module:                 pe
  Operating conditions:   PVT_0P9V_125C (balanced_tree)
  Wireload mode:          enclosed
  Area mode:              timing library
============================================================

                               
   Gate    Instances    Area       Library    
----------------------------------------------
AND2X1            30    41.040    slow_vdd1v0 
AND2XL            14    19.152    slow_vdd1v0 
AO21X1             6    14.364    slow_vdd1v0 
AO21XL             9    21.546    slow_vdd1v0 
AOI211X1           1     2.394    slow_vdd1v0 
AOI211XL           1     2.052    slow_vdd1v0 
AOI21X1           44    75.240    slow_vdd1v0 
AOI21X2           26    71.136    slow_vdd1v0 
AOI21X4            6    30.780    slow_vdd1v0 
AOI21XL           12    20.520    slow_vdd1v0 
AOI221X1           9    21.546    slow_vdd1v0 
AOI221X2           1     4.446    slow_vdd1v0 
AOI222X1          32    98.496    slow_vdd1v0 
AOI22X1           40    82.080    slow_vdd1v0 
AOI2BB1X1         33    67.716    slow_vdd1v0 
AOI2BB1X2          5    15.390    slow_vdd1v0 
AOI2BB1X4          3    12.312    slow_vdd1v0 
AOI2BB1XL         31    63.612    slow_vdd1v0 
AOI31X1            1     2.052    slow_vdd1v0 
AOI31X2            1     3.420    slow_vdd1v0 
BUFX2             20    34.200    slow_vdd1v0 
BUFX3              7    14.364    slow_vdd1v0 
CLKAND2X2         10    20.520    slow_vdd1v0 
CLKAND2X3         11    33.858    slow_vdd1v0 
CLKINVX1           6     6.156    slow_vdd1v0 
CLKINVX12          1     4.104    slow_vdd1v0 
CLKINVX16          1     5.472    slow_vdd1v0 
CLKINVX2           6     8.208    slow_vdd1v0 
CLKINVX3           3     5.130    slow_vdd1v0 
CLKINVX4          24    41.040    slow_vdd1v0 
CLKINVX6          18    43.092    slow_vdd1v0 
CLKINVX8           9    27.702    slow_vdd1v0 
CLKXOR2X1         36    98.496    slow_vdd1v0 
DFFRHQX1         132   812.592    slow_vdd1v0 
DFFRXL             3    25.650    slow_vdd1v0 
INVX1            248   169.632    slow_vdd1v0 
INVX2             66    67.716    slow_vdd1v0 
INVX3             30    41.040    slow_vdd1v0 
INVXL             64    43.776    slow_vdd1v0 
MX2XL              2     4.788    slow_vdd1v0 
MXI2X1            27    73.872    slow_vdd1v0 
MXI2XL            19    45.486    slow_vdd1v0 
NAND2BX1          89   121.752    slow_vdd1v0 
NAND2BX2           2     4.788    slow_vdd1v0 
NAND2BX4           3    11.286    slow_vdd1v0 
NAND2BXL          25    34.200    slow_vdd1v0 
NAND2X1          178   182.628    slow_vdd1v0 
NAND2X2           97   165.870    slow_vdd1v0 
NAND2X4           58   182.491    slow_vdd1v0 
NAND2X6            9    41.091    slow_vdd1v0 
NAND2XL           88    90.288    slow_vdd1v0 
NAND3BX1           7    14.364    slow_vdd1v0 
NAND3BXL          12    20.520    slow_vdd1v0 
NAND3X1           14    23.940    slow_vdd1v0 
NAND3X2            1     2.736    slow_vdd1v0 
NOR2BX1          188   257.184    slow_vdd1v0 
NOR2BX2            8    21.888    slow_vdd1v0 
NOR2BXL           12    20.520    slow_vdd1v0 
NOR2X1           330   338.580    slow_vdd1v0 
NOR2X2           168   287.280    slow_vdd1v0 
NOR2X4           113   347.814    slow_vdd1v0 
NOR2X6            20    82.080    slow_vdd1v0 
NOR2X8            10    54.720    slow_vdd1v0 
NOR2XL           110   112.860    slow_vdd1v0 
NOR3BX1            8    16.416    slow_vdd1v0 
NOR3BX2            3    10.260    slow_vdd1v0 
NOR3BXL           12    24.624    slow_vdd1v0 
NOR3X1            28    47.880    slow_vdd1v0 
NOR3X2            11    30.096    slow_vdd1v0 
NOR3X4             4    20.520    slow_vdd1v0 
NOR3X6             2    14.364    slow_vdd1v0 
NOR3XL            15    25.650    slow_vdd1v0 
NOR4BBX1           1     2.736    slow_vdd1v0 
NOR4BX1            1     2.394    slow_vdd1v0 
OA21X1             3     6.156    slow_vdd1v0 
OAI21X1           38    64.980    slow_vdd1v0 
OAI21X2           20    61.560    slow_vdd1v0 
OAI21X4           10    47.880    slow_vdd1v0 
OAI21XL           21    35.910    slow_vdd1v0 
OAI22X1            2     4.104    slow_vdd1v0 
OAI22X4            1     6.498    slow_vdd1v0 
OAI2BB1X1         95   162.450    slow_vdd1v0 
OAI2BB1XL          3     6.156    slow_vdd1v0 
OAI31X1           11    22.572    slow_vdd1v0 
OAI31X2            3    11.286    slow_vdd1v0 
OAI31XL            3     7.182    slow_vdd1v0 
OAI32X1            1     2.394    slow_vdd1v0 
OR2X1             24    32.832    slow_vdd1v0 
OR2X6              1     3.762    slow_vdd1v0 
OR2XL             56    76.608    slow_vdd1v0 
OR3XL              3     6.156    slow_vdd1v0 
SDFFRHQX1          1     8.208    slow_vdd1v0 
XNOR2X1           40    95.760    slow_vdd1v0 
XNOR2XL            5    13.680    slow_vdd1v0 
XNOR3XL            2    15.048    slow_vdd1v0 
XOR2X1             2     5.472    slow_vdd1v0 
XOR2XL            45   123.120    slow_vdd1v0 
XOR3XL             1     7.524    slow_vdd1v0 
----------------------------------------------
total           3066  5737.306                


                                         
     Type      Instances   Area   Area % 
-----------------------------------------
sequential           136  846.450   14.8 
inverter             476  463.068    8.1 
buffer                27   48.564    0.8 
logic               2427 4379.224   76.3 
physical_cells         0    0.000    0.0 
-----------------------------------------
total               3066 5737.306  100.0 

