============================================================
  Generated by:           Genus(TM) Synthesis Solution 21.10-p002_1
  Generated on:           Apr 27 2026  06:44:29 pm
  Module:                 pe
  Operating conditions:   PVT_0P9V_125C (balanced_tree)
  Wireload mode:          enclosed
  Area mode:              timing library
============================================================

Timing
--------

Clock Period 
-------------
clk   2000.0 


  Cost    Critical              Violating 
 Group   Path Slack     TNS       Paths   
------------------------------------------
clk         -1322.4   -64893.9         55 
default    No paths        0.0            
------------------------------------------
Total                 -64893.9         55 

Instance Count
--------------
Leaf Instance Count             3066 
Physical Instance count            0 
Sequential Instance Count        136 
Combinational Instance Count    2930 
Hierarchical Instance Count        0 

Area
----
Cell Area                          5737.306
Physical Cell Area                 0.000
Total Cell Area (Cell+Physical)    5737.306
Net Area                           0.000
Total Area (Cell+Physical+Net)     5737.306

Max Fanout                         175 (n_81)
Min Fanout                         0 (rst_n)
Average Fanout                     2.1
Terms to net ratio                 3.0137
Terms to instance ratio            3.1523
Runtime                            202.79282100000003 seconds
Elapsed Runtime                    211 seconds
Genus peak memory usage            1628.87 
Innovus peak memory usage          no_value 
Hostname                           redhatacademy19
