============================================================
  Generated by:           Genus(TM) Synthesis Solution 21.10-p002_1
  Generated on:           Apr 27 2026  06:44:29 pm
  Module:                 pe
  Operating conditions:   PVT_0P9V_125C (balanced_tree)
  Wireload mode:          enclosed
  Area mode:              timing library
============================================================


Path 1: VIOLATED (-1322 ps) Setup Check with Pin gen_reg.lvc_r_reg[33]/CK->D
          Group: clk
     Startpoint: (R) lvc_in_flat[5]
          Clock: (R) clk
       Endpoint: (R) gen_reg.lvc_r_reg[33]/D
          Clock: (R) clk

                     Capture       Launch     
        Clock Edge:+    2000            0     
        Drv Adjust:+       0            0     
       Src Latency:+       0            0     
       Net Latency:+       0 (I)        0 (I) 
           Arrival:=    2000            0     
                                              
             Setup:-     110                  
       Uncertainty:-     100                  
     Required Time:=    1790                  
      Launch Clock:-       0                  
       Input Delay:-     400                  
         Data Path:-    2712                  
             Slack:=   -1322                  

Exceptions/Constraints:
  input_delay             400             constraints.sdc_line_27_125_1 

#------------------------------------------------------------------------------------------------
#      Timing Point       Flags   Arc   Edge   Cell     Fanout Load Trans Delay Arrival Instance 
#                                                              (fF)  (ps)  (ps)   (ps)  Location 
#------------------------------------------------------------------------------------------------
  lvc_in_flat[5]          -       -     R     (arrival)      8  8.0     0     0     400    (-,-) 
  g49346/Y                -       A->Y  F     CLKINVX8       1  1.4    14    14     414    (-,-) 
  g27/Y                   -       B0->Y R     OAI22X4        2  2.0    68    54     469    (-,-) 
  g49038/Y                -       A->Y  F     NAND2X4        1  1.4    58    82     551    (-,-) 
  g50402/Y                -       A->Y  R     NOR2X4         9  2.4    55    71     622    (-,-) 
  g49040/Y                -       AN->Y R     NAND2BX1       1  0.8    36    88     709    (-,-) 
  g49839/Y                -       A->Y  F     NAND2X2        1  0.7    55    66     775    (-,-) 
  g243/Y                  -       B->Y  R     NOR2X2         3  1.0    52    60     836    (-,-) 
  g50023/Y                -       A0->Y F     AOI21X1        2  0.6    89   104     940    (-,-) 
  g49632/Y                -       B->Y  R     NOR2X1         3  1.0    77    93    1033    (-,-) 
  g48261/Y                -       B->Y  F     NOR2BX1        1  0.3    34    62    1095    (-,-) 
  g48260/Y                -       A->Y  R     INVX1          1  0.4    21    32    1127    (-,-) 
  g48255/Y                -       B->Y  F     MXI2X1         1  0.4    83    82    1210    (-,-) 
  g46718/Y                -       B->Y  R     CLKXOR2X1      3  1.4    47   164    1374    (-,-) 
  g46717/Y                -       S0->Y R     MXI2X1         2  0.8    82   104    1478    (-,-) 
  g43950/Y                -       B->Y  R     XOR2XL         2  0.8    44   155    1633    (-,-) 
  g49544/Y                -       A->Y  F     MXI2X1         2  0.8   104   109    1742    (-,-) 
  g50586/Y                -       B->Y  R     CLKXOR2X1      3  1.6    52   175    1917    (-,-) 
  g49223/Y                -       B->Y  F     NAND2X2        2  1.4    76    76    1993    (-,-) 
  g54/Y                   -       A1->Y R     OAI21X2        1  0.8    63    81    2074    (-,-) 
  g49310/Y                -       A1->Y F     AOI21X2        2  1.0    79    95    2169    (-,-) 
  g47984/Y                -       B->Y  F     CLKAND2X3      5  3.7    49   119    2289    (-,-) 
  g41532/Y                -       B->Y  R     NOR2X4         1  2.4    54    56    2345    (-,-) 
  g43994/Y                -       B->Y  F     NOR2X6         9  3.2    37    46    2391    (-,-) 
  g42704/Y                -       A->Y  R     XNOR2X1        3  1.0    39   204    2595    (-,-) 
  g42706/Y                -       B->Y  F     CLKXOR2X1      3  1.3    50   163    2758    (-,-) 
  g42705/Y                -       A1->Y R     OAI21X2        2  0.8    60    68    2826    (-,-) 
  g40599__42506/Y         -       B->Y  F     XOR2XL         1  0.2    25   145    2971    (-,-) 
  g44976/Y                -       B->Y  R     NOR2XL         1  0.2    44    43    3014    (-,-) 
  g46227/Y                -       A->Y  F     NOR2XL         1  0.2    37    55    3069    (-,-) 
  g45830/Y                -       A->Y  R     NAND2XL        1  0.3    32    43    3112    (-,-) 
  gen_reg.lvc_r_reg[33]/D <<<     -     R     DFFRHQX1       1    -     -     0    3112    (-,-) 
#------------------------------------------------------------------------------------------------

